"Task Aware Debugger for GDB" version 11.7.0 (202212092054)
(c) 2016-2022 NXP Semiconductors, Inc.
==================================
16:39:08.18 INFO: [ZephyrRTOS] .config file could not be read [C:\Redes_files\Proyecto_1_redes_fany\frdmkw41z_wireless_examples_ieee_802_15_4_mwa_end_device_freertos\Debug\.config (El sistema no puede encontrar el archivo especificado)]
16:39:08.18 INFO: [TadModel] DSF session ID 0 has started.
16:39:14.94 INFO: [TadState] TAD state changed: DEBUG_STARTED -> DEBUG_INIT_0 (SUSPENDED, USER_REQUEST)
16:39:16.46 INFO: [TadState] TAD state changed: DEBUG_INIT_0 -> DEBUG_INIT_1 (RESUMED, USER_REQUEST)
16:39:16.178 INFO: [TadState] TAD state changed: DEBUG_INIT_1 -> DEBUG_SUSPENDED (SUSPENDED, BREAKPOINT)
16:39:20.264 INFO: [TadState] TAD state changed: DEBUG_SUSPENDED -> DEBUG_RESUMED (RESUMED, USER_REQUEST)
16:39:35.422 INFO: [TadState] TAD state changed: DEBUG_RESUMED -> READY (SUSPENDED, BREAKPOINT)
16:39:43.395 INFO: [TadState] TAD state changed: READY -> DEBUG_RESUMED (RESUMED, USER_REQUEST)
16:39:46.681 INFO: [TadState] TAD state changed: DEBUG_RESUMED -> READY (SUSPENDED, BREAKPOINT)
16:39:56.410 INFO: [TadState] TAD state changed: READY -> DEBUG_RESUMED (RESUMED, STEP)
16:39:56.439 INFO: [TadState] TAD state changed: DEBUG_RESUMED -> READY (SUSPENDED, STEP)
16:39:58.30 INFO: [TadState] TAD state changed: READY -> DEBUG_RESUMED (RESUMED, STEP)
16:39:58.60 INFO: [TadState] TAD state changed: DEBUG_RESUMED -> READY (SUSPENDED, STEP)
16:40:00.281 INFO: [TadState] TAD state changed: READY -> DEBUG_RESUMED (RESUMED, USER_REQUEST)
16:40:09.93 INFO: [TadState] TAD state changed: DEBUG_RESUMED -> READY (SUSPENDED, BREAKPOINT)
16:40:50.216 INFO: [TadState] TAD state changed: READY -> DEBUG_RESUMED (RESUMED, USER_REQUEST)
16:40:54.193 INFO: [TadState] TAD state changed: DEBUG_RESUMED -> READY (SUSPENDED, BREAKPOINT)
16:41:13.825 INFO: [TadState] TAD state changed: READY -> DEBUG_RESUMED (RESUMED, USER_REQUEST)
16:41:18.792 INFO: [TadState] TAD state changed: DEBUG_RESUMED -> READY (SUSPENDED, BREAKPOINT)
16:42:38.932 INFO: [TadState] TAD state changed: READY -> DEBUG_RESUMED (RESUMED, USER_REQUEST)
16:42:42.553 INFO: [TadState] TAD state changed: DEBUG_RESUMED -> READY (SUSPENDED, BREAKPOINT)
16:43:33.787 INFO: [TadState] TAD state changed: READY -> DEBUG_RESUMED (RESUMED, USER_REQUEST)
16:43:46.500 INFO: [TadState] TAD state changed: DEBUG_RESUMED -> READY (SUSPENDED, SIGNAL)
16:43:47.568 INFO: [TadModel] DSF session ID 0 has ended.
