"Task Aware Debugger for GDB" version 11.7.0 (202212092054)
(c) 2016-2022 NXP Semiconductors, Inc.
==================================
16:49:32.550 INFO: [ZephyrRTOS] .config file could not be read [C:\Redes_files\Proyecto_1_redes_fany\frdmkw41z_wireless_examples_ieee_802_15_4_mwa_end_device_freertos\Debug\.config (El sistema no puede encontrar el archivo especificado)]
16:49:32.552 INFO: [TadModel] DSF session ID 6 has started.
16:49:40.119 INFO: [TadState] TAD state changed: DEBUG_STARTED -> DEBUG_INIT_0 (SUSPENDED, USER_REQUEST)
16:49:44.750 INFO: [TadState] TAD state changed: DEBUG_INIT_0 -> DEBUG_INIT_1 (RESUMED, USER_REQUEST)
16:49:44.806 INFO: [TadState] TAD state changed: DEBUG_INIT_1 -> DEBUG_SUSPENDED (SUSPENDED, BREAKPOINT)
16:50:05.741 INFO: [TadState] TAD state changed: DEBUG_SUSPENDED -> DEBUG_RESUMED (RESUMED, USER_REQUEST)
16:50:09.875 INFO: [TadState] TAD state changed: DEBUG_RESUMED -> READY (SUSPENDED, BREAKPOINT)
16:50:12.655 INFO: [TadState] TAD state changed: READY -> DEBUG_RESUMED (RESUMED, STEP)
16:50:12.693 INFO: [TadState] TAD state changed: DEBUG_RESUMED -> READY (SUSPENDED, STEP)
16:50:25.612 INFO: [TadState] TAD state changed: READY -> DEBUG_RESUMED (RESUMED, USER_REQUEST)
16:50:29.309 INFO: [TadState] TAD state changed: DEBUG_RESUMED -> READY (SUSPENDED, BREAKPOINT)
16:50:31.55 INFO: [TadState] TAD state changed: READY -> DEBUG_RESUMED (RESUMED, USER_REQUEST)
16:50:31.831 INFO: [TadState] TAD state changed: DEBUG_RESUMED -> READY (SUSPENDED, BREAKPOINT)
16:50:33.196 INFO: [TadState] TAD state changed: READY -> DEBUG_RESUMED (RESUMED, USER_REQUEST)
16:50:34.684 INFO: [TadState] TAD state changed: DEBUG_RESUMED -> READY (SUSPENDED, BREAKPOINT)
16:50:35.897 INFO: [TadState] TAD state changed: READY -> DEBUG_RESUMED (RESUMED, USER_REQUEST)
16:50:37.514 INFO: [TadState] TAD state changed: DEBUG_RESUMED -> READY (SUSPENDED, BREAKPOINT)
16:50:38.869 INFO: [TadState] TAD state changed: READY -> DEBUG_RESUMED (RESUMED, USER_REQUEST)
16:50:41.382 INFO: [TadState] TAD state changed: DEBUG_RESUMED -> READY (SUSPENDED, BREAKPOINT)
16:50:43.276 INFO: [TadState] TAD state changed: READY -> DEBUG_RESUMED (RESUMED, STEP)
16:50:43.322 INFO: [TadState] TAD state changed: DEBUG_RESUMED -> READY (SUSPENDED, STEP)
16:50:49.107 INFO: [TadState] TAD state changed: READY -> DEBUG_RESUMED (RESUMED, STEP)
16:50:49.145 INFO: [TadState] TAD state changed: DEBUG_RESUMED -> READY (SUSPENDED, STEP)
16:50:50.156 INFO: [TadState] TAD state changed: READY -> DEBUG_RESUMED (RESUMED, STEP)
16:50:50.187 INFO: [TadState] TAD state changed: DEBUG_RESUMED -> READY (SUSPENDED, STEP)
16:50:54.892 INFO: [TadModel] DSF session ID 6 has ended.
